<?xml version="1.0" encoding="UTF-8"?>
<!-- Generated by org.testng.reporters.JUnitReportReporter -->
<testsuite hostname="DESKTOP-CG791AC" failures="0" tests="1" name="demo.DemoMaven.LanchChrometest" time="15.655" errors="0" timestamp="2023-04-15T22:19:51 IST" skipped="0">
  <testcase classname="demo.DemoMaven.LanchChrometest" name="methodA" time="15.655"/>
</testsuite> <!-- demo.DemoMaven.LanchChrometest -->
